Vivado Simulator 2018.3
Copyright 1986-1999, 2001-2018 Xilinx, Inc. All Rights Reserved.
Running: E:/Xilinxvivado/Vivado/2018.3/bin/unwrapped/win64.o/xelab.exe -wto 4662d9107aa040f2848c4bf267d3122d --incr --debug typical --relax --mt 2 -L xil_defaultlib -L secureip --snapshot tb_Top_module_behav xil_defaultlib.tb_Top_module -log elaborate.log 
Using 2 slave threads.
Starting static elaboration
Completed static elaboration
Starting simulation data flow analysis
Completed simulation data flow analysis
Time Resolution for simulation is 1ps
Compiling package std.standard
Compiling package std.textio
Compiling package ieee.std_logic_1164
Compiling package ieee.numeric_std
Compiling architecture behavioral of entity xil_defaultlib.controller [controller_default]
Compiling architecture behavioral of entity xil_defaultlib.i2c_module [i2c_module_default]
Compiling architecture behavioral of entity xil_defaultlib.spi_protocol [spi_protocol_default]
Compiling architecture behavioral of entity xil_defaultlib.SPI_SDIO [spi_sdio_default]
Compiling architecture behavioral of entity xil_defaultlib.ram [ram_default]
Compiling architecture structural of entity xil_defaultlib.Top_module [top_module_default]
Compiling architecture behavior of entity xil_defaultlib.tb_top_module
Built simulation snapshot tb_Top_module_behav
