Running: fuse.exe -relaunch -intstyle "ise" -incremental -lib "secureip" -o "E:/VHDL_Elmos/spi_protocol/tb_spi_protocol_isim_beh.exe" -prj "E:/VHDL_Elmos/spi_protocol/tb_spi_protocol_beh.prj" "work.tb_spi_protocol" 
ISim P.20131013 (signature 0x7708f090)
Number of CPUs detected in this system: 4
Turning on mult-threading, number of parallel sub-compilation jobs: 8 
Determining compilation order of HDL files
Parsing VHDL file "E:/VHDL_Elmos/spi_protocol/spi_protocol.vhd" into library work
Parsing VHDL file "E:/VHDL_Elmos/spi_protocol/tb_spi_protocol.vhd" into library work
Starting static elaboration
Completed static elaboration
Compiling package standard
Compiling package std_logic_1164
Compiling package numeric_std
Compiling architecture behavioral of entity spi_protocol [spi_protocol_default]
Compiling architecture behavior of entity tb_spi_protocol
Time Resolution for simulation is 1ps.
Waiting for 1 sub-compilation(s) to finish...
Compiled 6 VHDL Units
Built simulation executable E:/VHDL_Elmos/spi_protocol/tb_spi_protocol_isim_beh.exe
Fuse Memory Usage: 35800 KB
Fuse CPU Usage: 499 ms
