Release 14.7 - xst P.20131013 (nt64)
Copyright (c) 1995-2013 Xilinx, Inc.  All rights reserved.
--> Parameter TMPDIR set to xst/projnav.tmp


Total REAL time to Xst completion: 0.00 secs
Total CPU time to Xst completion: 0.14 secs
 
--> Parameter xsthdpdir set to xst


Total REAL time to Xst completion: 0.00 secs
Total CPU time to Xst completion: 0.14 secs
 
--> Reading design: spi_protocol.prj

TABLE OF CONTENTS
  1) Synthesis Options Summary
  2) HDL Parsing
  3) HDL Elaboration
  4) HDL Synthesis
       4.1) HDL Synthesis Report
  5) Advanced HDL Synthesis
       5.1) Advanced HDL Synthesis Report
  6) Low Level Synthesis
  7) Partition Report
  8) Design Summary
       8.1) Primitive and Black Box Usage
       8.2) Device utilization summary
       8.3) Partition Resource Summary
       8.4) Timing Report
            8.4.1) Clock Information
            8.4.2) Asynchronous Control Signals Information
            8.4.3) Timing Summary
            8.4.4) Timing Details
            8.4.5) Cross Clock Domains Report


=========================================================================
*                      Synthesis Options Summary                        *
=========================================================================
---- Source Parameters
Input File Name                    : "spi_protocol.prj"
Ignore Synthesis Constraint File   : NO

---- Target Parameters
Output File Name                   : "spi_protocol"
Output Format                      : NGC
Target Device                      : xc6slx16-2-csg324

---- Source Options
Top Module Name                    : spi_protocol
Automatic FSM Extraction           : YES
FSM Encoding Algorithm             : Auto
Safe Implementation                : No
FSM Style                          : LUT
RAM Extraction                     : Yes
RAM Style                          : Auto
ROM Extraction                     : Yes
Shift Register Extraction          : YES
ROM Style                          : Auto
Resource Sharing                   : YES
Asynchronous To Synchronous        : NO
Shift Register Minimum Size        : 2
Use DSP Block                      : Auto
Automatic Register Balancing       : No

---- Target Options
LUT Combining                      : Auto
Reduce Control Sets                : Auto
Add IO Buffers                     : YES
Global Maximum Fanout              : 100000
Add Generic Clock Buffer(BUFG)     : 16
Register Duplication               : YES
Optimize Instantiated Primitives   : NO
Use Clock Enable                   : Auto
Use Synchronous Set                : Auto
Use Synchronous Reset              : Auto
Pack IO Registers into IOBs        : Auto
Equivalent register Removal        : YES

---- General Options
Optimization Goal                  : Speed
Optimization Effort                : 1
Power Reduction                    : NO
Keep Hierarchy                     : No
Netlist Hierarchy                  : As_Optimized
RTL Output                         : Yes
Global Optimization                : AllClockNets
Read Cores                         : YES
Write Timing Constraints           : NO
Cross Clock Analysis               : NO
Hierarchy Separator                : /
Bus Delimiter                      : <>
Case Specifier                     : Maintain
Slice Utilization Ratio            : 100
BRAM Utilization Ratio             : 100
DSP48 Utilization Ratio            : 100
Auto BRAM Packing                  : NO
Slice Utilization Ratio Delta      : 5

=========================================================================


=========================================================================
*                          HDL Parsing                                  *
=========================================================================
Parsing VHDL file "E:\VHDL_Elmos\spi_protocol\spi_protocol.vhd" into library work
Parsing entity <spi_protocol>.
Parsing architecture <Behavioral> of entity <spi_protocol>.

=========================================================================
*                            HDL Elaboration                            *
=========================================================================

Elaborating entity <spi_protocol> (architecture <Behavioral>) from library <work>.

=========================================================================
*                           HDL Synthesis                               *
=========================================================================

Synthesizing Unit <spi_protocol>.
    Related source file is "E:\VHDL_Elmos\spi_protocol\spi_protocol.vhd".
    Found 1-bit register for signal <Clk_bit>.
    Found 24-bit register for signal <DATA_INPUT_INT>.
    Found 1-bit register for signal <MISO_INT_CLK_SYS_DFF_27_q>.
    Found 1-bit register for signal <START_INT>.
    Found 1-bit register for signal <MOSI_INT_CLK_SYS_DFF_29_q>.
    Found 5-bit register for signal <COUNTER>.
    Found 1-bit register for signal <RW_INT>.
    Found 1-bit register for signal <finish_read_int>.
    Found 1-bit register for signal <finish_write_int>.
    Found 3-bit register for signal <STATE>.
    Found 1-bit register for signal <CHIP_SELECT_INT>.
    Found 8-bit register for signal <Read_8bit_Int>.
    Found 1-bit register for signal <STATE[2]_CLK_SYS_DFF_50>.
    Found 1-bit register for signal <STATE[2]_CLK_SYS_DFF_51>.
    Found 1-bit register for signal <SCK_int>.
    Found finite state machine <FSM_0> for signal <STATE>.
    -----------------------------------------------------------------------
    | States             | 7                                              |
    | Transitions        | 19                                             |
    | Inputs             | 5                                              |
    | Outputs            | 9                                              |
    | Clock              | CLK_SYS (rising_edge)                          |
    | Power Up State     | idle                                           |
    | Encoding           | auto                                           |
    | Implementation     | LUT                                            |
    -----------------------------------------------------------------------
    Found 5-bit subtractor for signal <GND_4_o_GND_4_o_sub_17_OUT<4:0>> created at line 1308.
    Found 1-bit 24-to-1 multiplexer for signal <COUNTER[4]_X_4_o_Mux_2_o> created at line 98.
    Found 1-bit tristate buffer for signal <MISO_INT> created at line 72
    Found 1-bit tristate buffer for signal <MOSI_INT> created at line 72
    Summary:
	inferred   1 Adder/Subtractor(s).
	inferred  48 D-type flip-flop(s).
	inferred  15 Multiplexer(s).
	inferred   2 Tristate(s).
	inferred   1 Finite State Machine(s).
Unit <spi_protocol> synthesized.

=========================================================================
HDL Synthesis Report

Macro Statistics
# Adders/Subtractors                                   : 1
 5-bit subtractor                                      : 1
# Registers                                            : 14
 1-bit register                                        : 11
 24-bit register                                       : 1
 5-bit register                                        : 1
 8-bit register                                        : 1
# Multiplexers                                         : 15
 1-bit 2-to-1 multiplexer                              : 6
 1-bit 24-to-1 multiplexer                             : 1
 5-bit 2-to-1 multiplexer                              : 7
 8-bit 2-to-1 multiplexer                              : 1
# Tristates                                            : 2
 1-bit tristate buffer                                 : 2
# FSMs                                                 : 1

=========================================================================

=========================================================================
*                       Advanced HDL Synthesis                          *
=========================================================================


=========================================================================
Advanced HDL Synthesis Report

Macro Statistics
# Adders/Subtractors                                   : 1
 5-bit subtractor                                      : 1
# Registers                                            : 48
 Flip-Flops                                            : 48
# Multiplexers                                         : 15
 1-bit 2-to-1 multiplexer                              : 6
 1-bit 24-to-1 multiplexer                             : 1
 5-bit 2-to-1 multiplexer                              : 7
 8-bit 2-to-1 multiplexer                              : 1
# FSMs                                                 : 1

=========================================================================

=========================================================================
*                         Low Level Synthesis                           *
=========================================================================
Analyzing FSM <MFsm> for best encoding.
Optimizing FSM <FSM_0> on signal <STATE[1:3]> with user encoding.
-------------------------------
 State             | Encoding
-------------------------------
 idle              | 000
 instruction       | 001
 write_st          | 010
 delay_instruction | 011
 delay_cs          | 100
 delay_finish      | 101
 read_st           | 110
-------------------------------
WARNING:Xst:2042 - Unit spi_protocol: 2 internal tristates are replaced by logic (pull-up yes): MISO_INT, N3.

Optimizing unit <spi_protocol> ...

Mapping all equations...
Building and optimizing final netlist ...
Found area constraint ratio of 100 (+ 5) on block spi_protocol, actual ratio is 0.

Final Macro Processing ...

=========================================================================
Final Register Report

Macro Statistics
# Registers                                            : 51
 Flip-Flops                                            : 51

=========================================================================

=========================================================================
*                           Partition Report                            *
=========================================================================

Partition Implementation Status
-------------------------------

  No Partitions were found in this design.

-------------------------------

=========================================================================
*                            Design Summary                             *
=========================================================================

Top Level Output File Name         : spi_protocol.ngc

Primitive and Black Box Usage:
------------------------------
# BELS                             : 60
#      INV                         : 2
#      LUT2                        : 9
#      LUT3                        : 19
#      LUT4                        : 2
#      LUT5                        : 7
#      LUT6                        : 20
#      MUXF7                       : 1
# FlipFlops/Latches                : 51
#      FD                          : 8
#      FD_1                        : 2
#      FDE                         : 41
# Clock Buffers                    : 1
#      BUFGP                       : 1
# IO Buffers                       : 40
#      IBUF                        : 26
#      OBUF                        : 13
#      OBUFT                       : 1

Device utilization summary:
---------------------------

Selected Device : 6slx16csg324-2 


Slice Logic Utilization: 
 Number of Slice Registers:              51  out of  18224     0%  
 Number of Slice LUTs:                   59  out of   9112     0%  
    Number used as Logic:                59  out of   9112     0%  

Slice Logic Distribution: 
 Number of LUT Flip Flop pairs used:     84
   Number with an unused Flip Flop:      33  out of     84    39%  
   Number with an unused LUT:            25  out of     84    29%  
   Number of fully used LUT-FF pairs:    26  out of     84    30%  
   Number of unique control sets:         2

IO Utilization: 
 Number of IOs:                          41
 Number of bonded IOBs:                  41  out of    232    17%  

Specific Feature Utilization:
 Number of BUFG/BUFGCTRLs:                1  out of     16     6%  

---------------------------
Partition Resource Summary:
---------------------------

  No Partitions were found in this design.

---------------------------


=========================================================================
Timing Report

NOTE: THESE TIMING NUMBERS ARE ONLY A SYNTHESIS ESTIMATE.
      FOR ACCURATE TIMING INFORMATION PLEASE REFER TO THE TRACE REPORT
      GENERATED AFTER PLACE-and-ROUTE.

Clock Information:
------------------
-----------------------------------+------------------------+-------+
Clock Signal                       | Clock buffer(FF name)  | Load  |
-----------------------------------+------------------------+-------+
CLK_SYS                            | BUFGP                  | 51    |
-----------------------------------+------------------------+-------+

Asynchronous Control Signals Information:
----------------------------------------
No asynchronous control signals found in this design

Timing Summary:
---------------
Speed Grade: -2

   Minimum period: 5.782ns (Maximum Frequency: 172.965MHz)
   Minimum input arrival time before clock: 2.793ns
   Maximum output required time after clock: 5.138ns
   Maximum combinational path delay: No path found

Timing Details:
---------------
All values displayed in nanoseconds (ns)

=========================================================================
Timing constraint: Default period analysis for Clock 'CLK_SYS'
  Clock period: 5.782ns (frequency: 172.965MHz)
  Total number of paths / destination ports: 328 / 67
-------------------------------------------------------------------------
Delay:               2.891ns (Levels of Logic = 1)
  Source:            Clk_bit (FF)
  Destination:       MOSI_INT (FF)
  Source Clock:      CLK_SYS falling
  Destination Clock: CLK_SYS rising

  Data Path: Clk_bit to MOSI_INT
                                Gate     Net
    Cell:in->out      fanout   Delay   Delay  Logical Name (Net Name)
    ----------------------------------------  ------------
     FD_1:C->Q            51   0.525   2.057  Clk_bit (Clk_bit)
     LUT6:I3->O            1   0.235   0.000  Mmux_MOSI_INT_STATE[2]_MUX_93_o14 (MOSI_INT_STATE[2]_MUX_93_o)
     FD:D                      0.074          MOSI_INT
    ----------------------------------------
    Total                      2.891ns (0.834ns logic, 2.057ns route)
                                       (28.9% logic, 71.1% route)

=========================================================================
Timing constraint: Default OFFSET IN BEFORE for Clock 'CLK_SYS'
  Total number of paths / destination ports: 26 / 26
-------------------------------------------------------------------------
Offset:              2.793ns (Levels of Logic = 2)
  Source:            MISO (PAD)
  Destination:       MISO_INT (FF)
  Destination Clock: CLK_SYS rising

  Data Path: MISO to MISO_INT
                                Gate     Net
    Cell:in->out      fanout   Delay   Delay  Logical Name (Net Name)
    ----------------------------------------  ------------
     IBUF:I->O             1   1.328   1.137  MISO_IBUF (MISO_IBUF)
     LUT6:I0->O            1   0.254   0.000  MISO_INT_rstpot (MISO_INT_rstpot)
     FD:D                      0.074          MISO_INT
    ----------------------------------------
    Total                      2.793ns (1.656ns logic, 1.137ns route)
                                       (59.3% logic, 40.7% route)

=========================================================================
Timing constraint: Default OFFSET OUT AFTER for Clock 'CLK_SYS'
  Total number of paths / destination ports: 15 / 14
-------------------------------------------------------------------------
Offset:              5.138ns (Levels of Logic = 2)
  Source:            STATE[2]_CLK_SYS_DFF_51 (FF)
  Destination:       MOSI (PAD)
  Source Clock:      CLK_SYS rising

  Data Path: STATE[2]_CLK_SYS_DFF_51 to MOSI
                                Gate     Net
    Cell:in->out      fanout   Delay   Delay  Logical Name (Net Name)
    ----------------------------------------  ------------
     FDE:C->Q              3   0.525   0.765  STATE[2]_CLK_SYS_DFF_51 (STATE[2]_CLK_SYS_DFF_51)
     INV:I->O              1   0.255   0.681  STATE[2]_CLK_SYS_DFF_51_inv1_INV_0 (STATE[2]_CLK_SYS_DFF_51_inv)
     OBUFT:T->O                2.912          MOSI_OBUFT (MOSI)
    ----------------------------------------
    Total                      5.138ns (3.692ns logic, 1.446ns route)
                                       (71.9% logic, 28.1% route)

=========================================================================

Cross Clock Domains Report:
--------------------------

Clock to Setup on destination clock CLK_SYS
---------------+---------+---------+---------+---------+
               | Src:Rise| Src:Fall| Src:Rise| Src:Fall|
Source Clock   |Dest:Rise|Dest:Rise|Dest:Fall|Dest:Fall|
---------------+---------+---------+---------+---------+
CLK_SYS        |    5.258|    2.891|    3.363|         |
---------------+---------+---------+---------+---------+

=========================================================================


Total REAL time to Xst completion: 6.00 secs
Total CPU time to Xst completion: 6.43 secs
 
--> 

Total memory usage is 4485836 kilobytes

Number of errors   :    0 (   0 filtered)
Number of warnings :    1 (   0 filtered)
Number of infos    :    0 (   0 filtered)

