Release 14.7 - xst P.20131013 (nt64)
Copyright (c) 1995-2013 Xilinx, Inc.  All rights reserved.
--> Parameter TMPDIR set to xst/projnav.tmp


Total REAL time to Xst completion: 0.00 secs
Total CPU time to Xst completion: 0.13 secs
 
--> Parameter xsthdpdir set to xst


Total REAL time to Xst completion: 0.00 secs
Total CPU time to Xst completion: 0.13 secs
 
--> Reading design: SPI_SDIO.prj

TABLE OF CONTENTS
  1) Synthesis Options Summary
  2) HDL Parsing
  3) HDL Elaboration
  4) HDL Synthesis
       4.1) HDL Synthesis Report
  5) Advanced HDL Synthesis
       5.1) Advanced HDL Synthesis Report
  6) Low Level Synthesis
  7) Partition Report
  8) Design Summary
       8.1) Primitive and Black Box Usage
       8.2) Device utilization summary
       8.3) Partition Resource Summary
       8.4) Timing Report
            8.4.1) Clock Information
            8.4.2) Asynchronous Control Signals Information
            8.4.3) Timing Summary
            8.4.4) Timing Details
            8.4.5) Cross Clock Domains Report


=========================================================================
*                      Synthesis Options Summary                        *
=========================================================================
---- Source Parameters
Input File Name                    : "SPI_SDIO.prj"
Ignore Synthesis Constraint File   : NO

---- Target Parameters
Output File Name                   : "SPI_SDIO"
Output Format                      : NGC
Target Device                      : xc6slx9-2-csg324

---- Source Options
Top Module Name                    : SPI_SDIO
Automatic FSM Extraction           : YES
FSM Encoding Algorithm             : Auto
Safe Implementation                : No
FSM Style                          : LUT
RAM Extraction                     : Yes
RAM Style                          : Auto
ROM Extraction                     : Yes
Shift Register Extraction          : YES
ROM Style                          : Auto
Resource Sharing                   : YES
Asynchronous To Synchronous        : NO
Shift Register Minimum Size        : 2
Use DSP Block                      : Auto
Automatic Register Balancing       : No

---- Target Options
LUT Combining                      : Auto
Reduce Control Sets                : Auto
Add IO Buffers                     : YES
Global Maximum Fanout              : 100000
Add Generic Clock Buffer(BUFG)     : 16
Register Duplication               : YES
Optimize Instantiated Primitives   : NO
Use Clock Enable                   : Auto
Use Synchronous Set                : Auto
Use Synchronous Reset              : Auto
Pack IO Registers into IOBs        : Auto
Equivalent register Removal        : YES

---- General Options
Optimization Goal                  : Speed
Optimization Effort                : 1
Power Reduction                    : NO
Keep Hierarchy                     : No
Netlist Hierarchy                  : As_Optimized
RTL Output                         : Yes
Global Optimization                : AllClockNets
Read Cores                         : YES
Write Timing Constraints           : NO
Cross Clock Analysis               : NO
Hierarchy Separator                : /
Bus Delimiter                      : <>
Case Specifier                     : Maintain
Slice Utilization Ratio            : 100
BRAM Utilization Ratio             : 100
DSP48 Utilization Ratio            : 100
Auto BRAM Packing                  : NO
Slice Utilization Ratio Delta      : 5

=========================================================================


=========================================================================
*                          HDL Parsing                                  *
=========================================================================
Parsing VHDL file "E:\VHDL_Elmos\SPI_SDIO\spi_sdio\SPI_SDIO.vhd" into library work
Parsing entity <SPI_SDIO>.
Parsing architecture <Behavioral> of entity <spi_sdio>.

=========================================================================
*                            HDL Elaboration                            *
=========================================================================

Elaborating entity <SPI_SDIO> (architecture <Behavioral>) from library <work>.
WARNING:HDLCompiler:1127 - "E:\VHDL_Elmos\SPI_SDIO\spi_sdio\SPI_SDIO.vhd" Line 64: Assignment to rx_data ignored, since the identifier is never used

=========================================================================
*                           HDL Synthesis                               *
=========================================================================

Synthesizing Unit <SPI_SDIO>.
    Related source file is "E:\VHDL_Elmos\SPI_SDIO\spi_sdio\SPI_SDIO.vhd".
    Found 1-bit register for signal <Clk_bit>.
    Found 8-bit register for signal <Data_In_INT>.
    Found 16-bit register for signal <instruction_bits>.
    Found 1-bit register for signal <start_int>.
    Found 1-bit register for signal <RW_INT>.
    Found 5-bit register for signal <bit_counter>.
    Found 1-bit register for signal <TX_CLK_SYS_DFF_34_q>.
    Found 1-bit register for signal <FINISH_READ_Int>.
    Found 1-bit register for signal <FINISH_WRITE_Int>.
    Found 3-bit register for signal <state>.
    Found 1-bit register for signal <CHIP_SELECT_int>.
    Found 5-bit register for signal <data_counter>.
    Found 1-bit register for signal <state[2]_CLK_SYS_DFF_41>.
    Found 1-bit register for signal <SCLK_INT>.
    Found finite state machine <FSM_0> for signal <state>.
    -----------------------------------------------------------------------
    | States             | 6                                              |
    | Transitions        | 17                                             |
    | Inputs             | 5                                              |
    | Outputs            | 7                                              |
    | Clock              | CLK_SYS (rising_edge)                          |
    | Power Up State     | idle                                           |
    | Encoding           | auto                                           |
    | Implementation     | LUT                                            |
    -----------------------------------------------------------------------
    Found 5-bit subtractor for signal <GND_4_o_GND_4_o_sub_15_OUT<4:0>> created at line 1308.
    Found 5-bit subtractor for signal <GND_4_o_GND_4_o_sub_19_OUT<4:0>> created at line 1308.
    Found 1-bit 16-to-1 multiplexer for signal <bit_counter[3]_instruction_bits[15]_Mux_1_o> created at line 95.
    Found 1-bit 8-to-1 multiplexer for signal <data_counter[2]_Data_In_INT[7]_Mux_9_o> created at line 125.
    Found 1-bit tristate buffer for signal <SDIO> created at line 49
    Found 1-bit tristate buffer for signal <TX> created at line 64
    Summary:
	inferred   2 Adder/Subtractor(s).
	inferred  43 D-type flip-flop(s).
	inferred   9 Multiplexer(s).
	inferred   2 Tristate(s).
	inferred   1 Finite State Machine(s).
Unit <SPI_SDIO> synthesized.

=========================================================================
HDL Synthesis Report

Macro Statistics
# Adders/Subtractors                                   : 2
 5-bit subtractor                                      : 2
# Registers                                            : 13
 1-bit register                                        : 9
 16-bit register                                       : 1
 5-bit register                                        : 2
 8-bit register                                        : 1
# Multiplexers                                         : 9
 1-bit 16-to-1 multiplexer                             : 1
 1-bit 2-to-1 multiplexer                              : 3
 1-bit 8-to-1 multiplexer                              : 1
 5-bit 2-to-1 multiplexer                              : 4
# Tristates                                            : 2
 1-bit tristate buffer                                 : 2
# FSMs                                                 : 1

=========================================================================

=========================================================================
*                       Advanced HDL Synthesis                          *
=========================================================================


Synthesizing (advanced) Unit <SPI_SDIO>.
The following registers are absorbed into counter <data_counter>: 1 register on signal <data_counter>.
Unit <SPI_SDIO> synthesized (advanced).

=========================================================================
Advanced HDL Synthesis Report

Macro Statistics
# Adders/Subtractors                                   : 1
 5-bit subtractor                                      : 1
# Counters                                             : 1
 5-bit down counter                                    : 1
# Registers                                            : 38
 Flip-Flops                                            : 38
# Multiplexers                                         : 8
 1-bit 16-to-1 multiplexer                             : 1
 1-bit 2-to-1 multiplexer                              : 3
 1-bit 8-to-1 multiplexer                              : 1
 5-bit 2-to-1 multiplexer                              : 3
# FSMs                                                 : 1

=========================================================================

=========================================================================
*                         Low Level Synthesis                           *
=========================================================================
Analyzing FSM <MFsm> for best encoding.
Optimizing FSM <FSM_0> on signal <state[1:3]> with user encoding.
-------------------------------
 State             | Encoding
-------------------------------
 idle              | 000
 instruction       | 001
 write_st          | 010
 read_st           | 011
 delay_instruction | 100
 delay_read        | 101
-------------------------------
WARNING:Xst:2041 - Unit SPI_SDIO: 1 internal tristate is replaced by logic (pull-up yes): TX.

Optimizing unit <SPI_SDIO> ...
WARNING:Xst:1293 - FF/Latch <data_counter_3> has a constant value of 0 in block <SPI_SDIO>. This FF/Latch will be trimmed during the optimization process.
WARNING:Xst:1896 - Due to other FF/Latch trimming, FF/Latch <data_counter_4> has a constant value of 0 in block <SPI_SDIO>. This FF/Latch will be trimmed during the optimization process.

Mapping all equations...
Building and optimizing final netlist ...
Found area constraint ratio of 100 (+ 5) on block SPI_SDIO, actual ratio is 1.
FlipFlop Clk_bit has been replicated 1 time(s)

Final Macro Processing ...

=========================================================================
Final Register Report

Macro Statistics
# Registers                                            : 45
 Flip-Flops                                            : 45

=========================================================================

=========================================================================
*                           Partition Report                            *
=========================================================================

Partition Implementation Status
-------------------------------

  No Partitions were found in this design.

-------------------------------

=========================================================================
*                            Design Summary                             *
=========================================================================

Top Level Output File Name         : SPI_SDIO.ngc

Primitive and Black Box Usage:
------------------------------
# BELS                             : 36
#      INV                         : 1
#      LUT2                        : 1
#      LUT3                        : 4
#      LUT4                        : 4
#      LUT5                        : 6
#      LUT6                        : 15
#      MUXF7                       : 4
#      MUXF8                       : 1
# FlipFlops/Latches                : 45
#      FD                          : 4
#      FD_1                        : 3
#      FDE                         : 38
# Clock Buffers                    : 1
#      BUFGP                       : 1
# IO Buffers                       : 31
#      IBUF                        : 25
#      OBUF                        : 5
#      OBUFT                       : 1

Device utilization summary:
---------------------------

Selected Device : 6slx9csg324-2 


Slice Logic Utilization: 
 Number of Slice Registers:              45  out of  11440     0%  
 Number of Slice LUTs:                   31  out of   5720     0%  
    Number used as Logic:                31  out of   5720     0%  

Slice Logic Distribution: 
 Number of LUT Flip Flop pairs used:     53
   Number with an unused Flip Flop:       8  out of     53    15%  
   Number with an unused LUT:            22  out of     53    41%  
   Number of fully used LUT-FF pairs:    23  out of     53    43%  
   Number of unique control sets:         2

IO Utilization: 
 Number of IOs:                          32
 Number of bonded IOBs:                  32  out of    200    16%  

Specific Feature Utilization:
 Number of BUFG/BUFGCTRLs:                1  out of     16     6%  

---------------------------
Partition Resource Summary:
---------------------------

  No Partitions were found in this design.

---------------------------


=========================================================================
Timing Report

NOTE: THESE TIMING NUMBERS ARE ONLY A SYNTHESIS ESTIMATE.
      FOR ACCURATE TIMING INFORMATION PLEASE REFER TO THE TRACE REPORT
      GENERATED AFTER PLACE-and-ROUTE.

Clock Information:
------------------
-----------------------------------+------------------------+-------+
Clock Signal                       | Clock buffer(FF name)  | Load  |
-----------------------------------+------------------------+-------+
CLK_SYS                            | BUFGP                  | 45    |
-----------------------------------+------------------------+-------+

Asynchronous Control Signals Information:
----------------------------------------
No asynchronous control signals found in this design

Timing Summary:
---------------
Speed Grade: -2

   Minimum period: 5.047ns (Maximum Frequency: 198.136MHz)
   Minimum input arrival time before clock: 2.083ns
   Maximum output required time after clock: 5.202ns
   Maximum combinational path delay: No path found

Timing Details:
---------------
All values displayed in nanoseconds (ns)

=========================================================================
Timing constraint: Default period analysis for Clock 'CLK_SYS'
  Clock period: 5.047ns (frequency: 198.136MHz)
  Total number of paths / destination ports: 194 / 58
-------------------------------------------------------------------------
Delay:               2.524ns (Levels of Logic = 1)
  Source:            Clk_bit (FF)
  Destination:       state_FSM_FFd3 (FF)
  Source Clock:      CLK_SYS falling
  Destination Clock: CLK_SYS rising

  Data Path: Clk_bit to state_FSM_FFd3
                                Gate     Net
    Cell:in->out      fanout   Delay   Delay  Logical Name (Net Name)
    ----------------------------------------  ------------
     FD_1:C->Q            41   0.525   1.671  Clk_bit (Clk_bit)
     LUT6:I5->O            1   0.254   0.000  state_FSM_FFd3-In (state_FSM_FFd3-In)
     FD:D                      0.074          state_FSM_FFd3
    ----------------------------------------
    Total                      2.524ns (0.853ns logic, 1.671ns route)
                                       (33.8% logic, 66.2% route)

=========================================================================
Timing constraint: Default OFFSET IN BEFORE for Clock 'CLK_SYS'
  Total number of paths / destination ports: 25 / 25
-------------------------------------------------------------------------
Offset:              2.083ns (Levels of Logic = 1)
  Source:            Start (PAD)
  Destination:       start_int (FF)
  Destination Clock: CLK_SYS rising

  Data Path: Start to start_int
                                Gate     Net
    Cell:in->out      fanout   Delay   Delay  Logical Name (Net Name)
    ----------------------------------------  ------------
     IBUF:I->O             1   1.328   0.681  Start_IBUF (Start_IBUF)
     FDE:D                     0.074          start_int
    ----------------------------------------
    Total                      2.083ns (1.402ns logic, 0.681ns route)
                                       (67.3% logic, 32.7% route)

=========================================================================
Timing constraint: Default OFFSET OUT AFTER for Clock 'CLK_SYS'
  Total number of paths / destination ports: 8 / 6
-------------------------------------------------------------------------
Offset:              5.202ns (Levels of Logic = 2)
  Source:            state[2]_CLK_SYS_DFF_41 (FF)
  Destination:       SDIO (PAD)
  Source Clock:      CLK_SYS rising

  Data Path: state[2]_CLK_SYS_DFF_41 to SDIO
                                Gate     Net
    Cell:in->out      fanout   Delay   Delay  Logical Name (Net Name)
    ----------------------------------------  ------------
     FDE:C->Q              1   0.525   0.790  state[2]_CLK_SYS_DFF_41 (state[2]_CLK_SYS_DFF_41)
     LUT2:I0->O            2   0.250   0.725  TXLogicTrst1 (TX)
     OBUFT:I->O                2.912          SDIO_OBUFT (SDIO)
    ----------------------------------------
    Total                      5.202ns (3.687ns logic, 1.515ns route)
                                       (70.9% logic, 29.1% route)

=========================================================================

Cross Clock Domains Report:
--------------------------

Clock to Setup on destination clock CLK_SYS
---------------+---------+---------+---------+---------+
               | Src:Rise| Src:Fall| Src:Rise| Src:Fall|
Source Clock   |Dest:Rise|Dest:Rise|Dest:Fall|Dest:Fall|
---------------+---------+---------+---------+---------+
CLK_SYS        |    3.748|    2.524|    3.249|         |
---------------+---------+---------+---------+---------+

=========================================================================


Total REAL time to Xst completion: 7.00 secs
Total CPU time to Xst completion: 6.80 secs
 
--> 

Total memory usage is 4485836 kilobytes

Number of errors   :    0 (   0 filtered)
Number of warnings :    4 (   0 filtered)
Number of infos    :    0 (   0 filtered)

